Using pre-set license
Built from '2020.2/staging' branch; Version is '2020.2.7f1 (c53830e277f1) revision 12924976'; Using compiler version '192528614'; Build Type 'Release'
OS: 'Windows 10 Home; OS build 19042.867; Version 2009; 64bit' Language: 'en' Physical Memory: 16303 MB
BatchMode: 1, IsHumanControllingUs: 0, StartBugReporterOnCrash: 0, Is64bit: 1, IsPro: 0

 COMMAND LINE ARGUMENTS:
C:\Program Files\Unity\Hub\Editor\2020.2.7f1\Editor\Unity.exe
-adb2
-batchMode
-noUpm
-name
AssetImportWorker0
-projectPath
C:/Users/hsous/Documents/Game Development/Unity Projects/Tap2Fly/Tap2Fly
-logFile
Logs/AssetImportWorker0.log
-srvPort
50768
Successfully changed project path to: C:/Users/hsous/Documents/Game Development/Unity Projects/Tap2Fly/Tap2Fly
C:/Users/hsous/Documents/Game Development/Unity Projects/Tap2Fly/Tap2Fly
Using Asset Import Pipeline V2.
Refreshing native plugins compatible for Editor in 40.85 ms, found 0 plugins.
Preloading 0 native plugins for Editor in 0.00 ms.
Initialize engine version: 2020.2.7f1 (c53830e277f1)
[Subsystems] Discovering subsystems at path C:/Program Files/Unity/Hub/Editor/2020.2.7f1/Editor/Data/Resources/UnitySubsystems
[Subsystems] Discovering subsystems at path C:/Users/hsous/Documents/Game Development/Unity Projects/Tap2Fly/Tap2Fly/Assets
GfxDevice: creating device client; threaded=0
Direct3D:
    Version:  Direct3D 11.0 [level 11.1]
    Renderer: NVIDIA GeForce GTX 1650 (ID=0x1f91)
    Vendor:   
    VRAM:     3962 MB
    Driver:   27.21.14.6172
Initialize mono
Mono path[0] = 'C:/Program Files/Unity/Hub/Editor/2020.2.7f1/Editor/Data/Managed'
Mono path[1] = 'C:/Program Files/Unity/Hub/Editor/2020.2.7f1/Editor/Data/MonoBleedingEdge/lib/mono/unityjit'
Mono config path = 'C:/Program Files/Unity/Hub/Editor/2020.2.7f1/Editor/Data/MonoBleedingEdge/etc'
Using monoOptions --debugger-agent=transport=dt_socket,embedding=1,server=y,suspend=n,address=127.0.0.1:56484
Begin MonoManager ReloadAssembly
Registering precompiled unity dll's ...
Register platform support module: C:/Program Files/Unity/Hub/Editor/2020.2.7f1/Editor/Data/PlaybackEngines/WebGLSupport/UnityEditor.WebGL.Extensions.dll
Register platform support module: C:/Program Files/Unity/Hub/Editor/2020.2.7f1/Editor/Data/PlaybackEngines/MacStandaloneSupport/UnityEditor.OSXStandalone.Extensions.dll
Register platform support module: C:/Program Files/Unity/Hub/Editor/2020.2.7f1/Editor/Data/PlaybackEngines/WindowsStandaloneSupport/UnityEditor.WindowsStandalone.Extensions.dll
Register platform support module: C:/Program Files/Unity/Hub/Editor/2020.2.7f1/Editor/Data/PlaybackEngines/LinuxStandaloneSupport/UnityEditor.LinuxStandalone.Extensions.dll
Registered in 0.002804 seconds.
Native extension for LinuxStandalone target not found
Native extension for WindowsStandalone target not found
Native extension for OSXStandalone target not found
Native extension for WebGL target not found
Refreshing native plugins compatible for Editor in 24.36 ms, found 0 plugins.
Preloading 0 native plugins for Editor in 0.00 ms.
Invoked RoslynAnalysisRunner static constructor.
RoslynAnalysisRunner will not be running.
RoslynAnalysisRunner has terminated.
Mono: successfully reloaded assembly
- Completed reload, in  1.836 seconds
Platform modules already initialized, skipping
Registering precompiled user dll's ...
Registered in 0.002964 seconds.
Begin MonoManager ReloadAssembly
Native extension for LinuxStandalone target not found
Native extension for WindowsStandalone target not found
Native extension for OSXStandalone target not found
Native extension for WebGL target not found
Refreshing native plugins compatible for Editor in 0.59 ms, found 0 plugins.
Preloading 0 native plugins for Editor in 0.00 ms.
Invoked RoslynAnalysisRunner static constructor.
RoslynAnalysisRunner will not be running.
RoslynAnalysisRunner has terminated.
Mono: successfully reloaded assembly
- Completed reload, in  0.851 seconds
Platform modules already initialized, skipping
========================================================================
Worker process is ready to serve import requests
Launched and connected shader compiler UnityShaderCompiler.exe after 0.04 seconds
Refreshing native plugins compatible for Editor in 0.58 ms, found 0 plugins.
Preloading 0 native plugins for Editor in 0.00 ms.
Unloading 1301 Unused Serialized files (Serialized files now loaded: 0)
System memory in use before: 63.2 MB.
System memory in use after: 63.3 MB.

Unloading 75 unused Assets to reduce memory usage. Loaded Objects now: 1686.
Total: 2.089800 ms (FindLiveObjects: 0.289000 ms CreateObjectMapping: 0.117300 ms MarkObjects: 1.584500 ms  DeleteObjects: 0.097900 ms)

========================================================================
Received Import Request.
  path: Assets/modes/arrow.png
  artifactKey: Guid(1d898bbbf67823b40acfc858bc26dc6a) Importer(815301076,1909f56bfc062723c751e8b465ee728b)
Start importing Assets/modes/arrow.png using Guid(1d898bbbf67823b40acfc858bc26dc6a) Importer(815301076,1909f56bfc062723c751e8b465ee728b)  -> (artifact id: '9e685589d9e79e5129915a13a2010c7b') in 0.092981 seconds
  Import took 0.095262 seconds .

========================================================================
Received Import Request.
  Time since last request: 346.077088 seconds.
  path: Assets/modes/arrow.png
  artifactKey: Guid(1d898bbbf67823b40acfc858bc26dc6a) Importer(815301076,1909f56bfc062723c751e8b465ee728b)
Start importing Assets/modes/arrow.png using Guid(1d898bbbf67823b40acfc858bc26dc6a) Importer(815301076,1909f56bfc062723c751e8b465ee728b)  -> (artifact id: 'f96743885c558baab27a26cf50a927dc') in 0.017399 seconds
  Import took 0.020840 seconds .

AssetImportWorkerClient::OnTransportError - code=2 error=End of file
